<?xml version="1.0" encoding="UTF-8"?>
<!-- Generated by org.testng.reporters.JUnitReportReporter -->
<testsuite hostname="Chinmay_PC" name="com.selenium.WebDriverTest" tests="2" failures="0" timestamp="4 Mar 2014 21:39:52 GMT" time="17.725" errors="0">
  <testcase name="testWiki" time="9.164" classname="com.selenium.WebDriverTest"/>
  <testcase name="testWiki" time="8.561" classname="com.selenium.WebDriverTest"/>
</testsuite> <!-- com.selenium.WebDriverTest -->
