<?xml version="1.0" encoding="UTF-8"?>
<!-- Generated by org.testng.reporters.JUnitReportReporter -->
<testsuite hostname="Chinmay_PC" name="com.selenium.WebDriverTest" tests="1" failures="0" timestamp="6 Mar 2014 04:51:15 GMT" time="24.227" errors="0">
  <testcase name="testRegistration" time="24.227" classname="com.selenium.WebDriverTest"/>
</testsuite> <!-- com.selenium.WebDriverTest -->
